<?xml version="1.0" encoding="UTF-8"?>
<testng-results skipped="0" failed="0" total="1" passed="1">
  <reporter-output>
  </reporter-output>
  <suite name="Default suite" duration-ms="22302" started-at="2019-08-08T06:14:39Z" finished-at="2019-08-08T06:15:01Z">
    <groups>
      <group name="cucumber">
        <method signature="AbstractTestNGCucumberTests.feature(cucumber.api.testng.CucumberFeatureWrapper)[pri:0, instance:Cucumber.RunnerClass@1a968a59]" name="feature" class="cucumber.api.testng.AbstractTestNGCucumberTests"/>
      </group> <!-- cucumber -->
    </groups>
    <test name="Default test" duration-ms="22302" started-at="2019-08-08T06:14:39Z" finished-at="2019-08-08T06:15:01Z">
      <class name="Cucumber.RunnerClass">
        <test-method status="PASS" signature="setUpClass()[pri:0, instance:Cucumber.RunnerClass@1a968a59]" name="setUpClass" is-config="true" duration-ms="626" started-at="2019-08-08T11:44:39Z" finished-at="2019-08-08T11:44:39Z">
          <reporter-output>
          </reporter-output>
        </test-method> <!-- setUpClass -->
        <test-method status="PASS" signature="feature(cucumber.api.testng.CucumberFeatureWrapper)[pri:0, instance:Cucumber.RunnerClass@1a968a59]" name="feature" duration-ms="21493" started-at="2019-08-08T11:44:39Z" description="Runs Cucumber Feature" data-provider="features" finished-at="2019-08-08T11:45:01Z">
          <params>
            <param index="0">
              <value>
                <![CDATA[Login Functionality]]>
              </value>
            </param>
          </params>
          <reporter-output>
          </reporter-output>
        </test-method> <!-- feature -->
        <test-method status="PASS" signature="tearDownClass()[pri:0, instance:Cucumber.RunnerClass@1a968a59]" name="tearDownClass" is-config="true" duration-ms="16" started-at="2019-08-08T11:45:01Z" finished-at="2019-08-08T11:45:01Z">
          <reporter-output>
          </reporter-output>
        </test-method> <!-- tearDownClass -->
      </class> <!-- Cucumber.RunnerClass -->
    </test> <!-- Default test -->
  </suite> <!-- Default suite -->
</testng-results>
